[debug] [2024-04-11T05:32:41.263Z] ----------------------------------------------------------------------
[debug] [2024-04-11T05:32:41.272Z] Command:       C:\Program Files\nodejs\node.exe C:\Users\Angel\AppData\Roaming\npm\node_modules\firebase-tools\lib\bin\firebase.js init
[debug] [2024-04-11T05:32:41.273Z] CLI Version:   13.7.1
[debug] [2024-04-11T05:32:41.274Z] Platform:      win32
[debug] [2024-04-11T05:32:41.274Z] Node Version:  v20.10.0
[debug] [2024-04-11T05:32:41.275Z] Time:          Thu Apr 11 2024 00:32:41 GMT-0500 (hora est치ndar de Colombia)
[debug] [2024-04-11T05:32:41.275Z] ----------------------------------------------------------------------
[debug] 
[debug] [2024-04-11T05:32:41.296Z] > command requires scopes: ["email","openid","https://www.googleapis.com/auth/cloudplatformprojects.readonly","https://www.googleapis.com/auth/firebase","https://www.googleapis.com/auth/cloud-platform"]
[debug] [2024-04-11T05:32:41.297Z] > authorizing via signed-in user (06david078@gmail.com)
[info] 
     ######## #### ########  ######## ########     ###     ######  ########
     ##        ##  ##     ## ##       ##     ##  ##   ##  ##       ##
     ######    ##  ########  ######   ########  #########  ######  ######
     ##        ##  ##    ##  ##       ##     ## ##     ##       ## ##
     ##       #### ##     ## ######## ########  ##     ##  ######  ########

You're about to initialize a Firebase project in this directory:

  D:\Universidad\9. Noveno Semestre\Lenguajes De Ultima Generaci칩n\Angular\Proyecto\heroes\src

[debug] [2024-04-11T05:34:01.712Z] ----------------------------------------------------------------------
[debug] [2024-04-11T05:34:01.720Z] Command:       C:\Program Files\nodejs\node.exe C:\Users\Angel\AppData\Roaming\npm\node_modules\firebase-tools\lib\bin\firebase.js init hosting
[debug] [2024-04-11T05:34:01.722Z] CLI Version:   13.7.1
[debug] [2024-04-11T05:34:01.722Z] Platform:      win32
[debug] [2024-04-11T05:34:01.723Z] Node Version:  v20.10.0
[debug] [2024-04-11T05:34:01.723Z] Time:          Thu Apr 11 2024 00:34:01 GMT-0500 (hora est치ndar de Colombia)
[debug] [2024-04-11T05:34:01.723Z] ----------------------------------------------------------------------
[debug] 
[debug] [2024-04-11T05:34:01.746Z] > command requires scopes: ["email","openid","https://www.googleapis.com/auth/cloudplatformprojects.readonly","https://www.googleapis.com/auth/firebase","https://www.googleapis.com/auth/cloud-platform"]
[debug] [2024-04-11T05:34:01.747Z] > authorizing via signed-in user (06david078@gmail.com)
[info] 
     ######## #### ########  ######## ########     ###     ######  ########
     ##        ##  ##     ## ##       ##     ##  ##   ##  ##       ##
     ######    ##  ########  ######   ########  #########  ######  ######
     ##        ##  ##    ##  ##       ##     ## ##     ##       ## ##
     ##       #### ##     ## ######## ########  ##     ##  ######  ########

You're about to initialize a Firebase project in this directory:

  D:\Universidad\9. Noveno Semestre\Lenguajes De Ultima Generaci칩n\Angular\Proyecto\heroes\src

[info] 
=== Project Setup
[info] 
[info] First, let's associate this project directory with a Firebase project.
[info] You can create multiple project aliases by running firebase use --add, 
[info] but for now we'll just set up a default project.
[info] 
[debug] [2024-04-11T05:34:27.597Z] >>> [apiv2][query] GET https://firebase.googleapis.com/v1beta1/projects pageSize=100
[debug] [2024-04-11T05:34:28.304Z] <<< [apiv2][status] GET https://firebase.googleapis.com/v1beta1/projects 200
[debug] [2024-04-11T05:34:28.305Z] <<< [apiv2][body] GET https://firebase.googleapis.com/v1beta1/projects [omitted]
[info] i  Using project heroes-hosting-12d1f (heroes-hosting) 
[info] 
=== Hosting Setup
[debug] [2024-04-11T05:34:31.656Z] >>> [apiv2][query] GET https://firebase.googleapis.com/v1beta1/projects/heroes-hosting-12d1f [none]
[debug] [2024-04-11T05:34:32.024Z] <<< [apiv2][status] GET https://firebase.googleapis.com/v1beta1/projects/heroes-hosting-12d1f 200
[debug] [2024-04-11T05:34:32.024Z] <<< [apiv2][body] GET https://firebase.googleapis.com/v1beta1/projects/heroes-hosting-12d1f {"projectId":"heroes-hosting-12d1f","projectNumber":"901506234409","displayName":"heroes-hosting","name":"projects/heroes-hosting-12d1f","resources":{"hostingSite":"heroes-hosting-12d1f"},"state":"ACTIVE","etag":"1_5c32c476-c972-4685-8847-049ddf15a2ce"}
[info] 
[info] Your public directory is the folder (relative to your project directory) that
[info] will contain Hosting assets to be uploaded with firebase deploy. If you
[info] have a build process for your assets, use your build's output directory.
[info] 
